0 info it worked if it ends with ok
1 verbose cli [ '/root/.nvm/versions/node/v6.14.1/bin/node',
1 verbose cli   '/root/.nvm/versions/node/v6.14.1/bin/npm',
1 verbose cli   'start' ]
2 info using npm@6.1.0
3 info using node@v6.14.1
4 verbose run-script [ 'prestart', 'start', 'poststart' ]
5 info lifecycle muweb@0.1.0~prestart: muweb@0.1.0
6 info lifecycle muweb@0.1.0~start: muweb@0.1.0
7 verbose lifecycle muweb@0.1.0~start: unsafe-perm in lifecycle true
8 verbose lifecycle muweb@0.1.0~start: PATH: /root/.nvm/versions/node/v6.14.1/lib/node_modules/npm/node_modules/npm-lifecycle/node-gyp-bin:/opt/lampp/htdocs/Muweb/node_modules/.bin:/root/.nvm/versions/node/v6.14.1/bin:/usr/local/sbin:/usr/local/bin:/usr/sbin:/usr/bin:/sbin:/bin
9 verbose lifecycle muweb@0.1.0~start: CWD: /opt/lampp/htdocs/Muweb
10 silly lifecycle muweb@0.1.0~start: Args: [ '-c', 'react-scripts start' ]
11 silly lifecycle muweb@0.1.0~start: Returned: code: 1  signal: null
12 info lifecycle muweb@0.1.0~start: Failed to exec start script
13 verbose stack Error: muweb@0.1.0 start: `react-scripts start`
13 verbose stack Exit status 1
13 verbose stack     at EventEmitter.<anonymous> (/root/.nvm/versions/node/v6.14.1/lib/node_modules/npm/node_modules/npm-lifecycle/index.js:304:16)
13 verbose stack     at emitTwo (events.js:106:13)
13 verbose stack     at EventEmitter.emit (events.js:191:7)
13 verbose stack     at ChildProcess.<anonymous> (/root/.nvm/versions/node/v6.14.1/lib/node_modules/npm/node_modules/npm-lifecycle/lib/spawn.js:55:14)
13 verbose stack     at emitTwo (events.js:106:13)
13 verbose stack     at ChildProcess.emit (events.js:191:7)
13 verbose stack     at maybeClose (internal/child_process.js:920:16)
13 verbose stack     at Process.ChildProcess._handle.onexit (internal/child_process.js:230:5)
14 verbose pkgid muweb@0.1.0
15 verbose cwd /opt/lampp/htdocs/Muweb
16 verbose Linux 4.9.0-kali3-amd64
17 verbose argv "/root/.nvm/versions/node/v6.14.1/bin/node" "/root/.nvm/versions/node/v6.14.1/bin/npm" "start"
18 verbose node v6.14.1
19 verbose npm  v6.1.0
20 error code ELIFECYCLE
21 error errno 1
22 error muweb@0.1.0 start: `react-scripts start`
22 error Exit status 1
23 error Failed at the muweb@0.1.0 start script.
23 error This is probably not a problem with npm. There is likely additional logging output above.
24 verbose exit [ 1, true ]
